<?xml version="1.0" encoding="UTF-8"?>
<!-- Generated by org.testng.reporters.JUnitReportReporter -->
<testsuite hostname="DESKTOP-0FPO0BM" failures="0" tests="1" name="ReportProject.Project_1" time="8.004" errors="0" timestamp="2024-11-19T12:37:42 IST" skipped="0">
  <testcase classname="ReportProject.Project_1" name="begin" time="8.004"/>
</testsuite> <!-- ReportProject.Project_1 -->
